<?xml version="1.0" encoding="UTF-8"?>
<testng-results skipped="0" failed="0" ignored="0" total="2" passed="2">
  <reporter-output>
  </reporter-output>
  <suite name="Default suite" duration-ms="47" started-at="2019-04-24T07:59:04Z" finished-at="2019-04-24T07:59:04Z">
    <groups>
    </groups>
    <test name="Default test" duration-ms="47" started-at="2019-04-24T07:59:04Z" finished-at="2019-04-24T07:59:04Z">
      <class name="com.training.sanity.tests.learningTestNG">
        <test-method status="PASS" signature="beforeSuite()[pri:0, instance:com.training.sanity.tests.learningTestNG@42d80b78]" name="beforeSuite" is-config="true" duration-ms="15" started-at="2019-04-24T07:59:04Z" finished-at="2019-04-24T07:59:04Z">
          <reporter-output>
          </reporter-output>
        </test-method> <!-- beforeSuite -->
        <test-method status="PASS" signature="beforeTest()[pri:0, instance:com.training.sanity.tests.learningTestNG@42d80b78]" name="beforeTest" is-config="true" duration-ms="1" started-at="2019-04-24T07:59:04Z" finished-at="2019-04-24T07:59:04Z">
          <reporter-output>
          </reporter-output>
        </test-method> <!-- beforeTest -->
        <test-method status="PASS" signature="beforeClass()[pri:0, instance:com.training.sanity.tests.learningTestNG@42d80b78]" name="beforeClass" is-config="true" duration-ms="0" started-at="2019-04-24T07:59:04Z" finished-at="2019-04-24T07:59:04Z">
          <reporter-output>
          </reporter-output>
        </test-method> <!-- beforeClass -->
        <test-method status="PASS" signature="beforeMethod()[pri:0, instance:com.training.sanity.tests.learningTestNG@42d80b78]" name="beforeMethod" is-config="true" duration-ms="0" started-at="2019-04-24T07:59:04Z" finished-at="2019-04-24T07:59:04Z">
          <reporter-output>
          </reporter-output>
        </test-method> <!-- beforeMethod -->
        <test-method status="PASS" signature="f()[pri:0, instance:com.training.sanity.tests.learningTestNG@42d80b78]" name="f" duration-ms="6" started-at="2019-04-24T07:59:04Z" finished-at="2019-04-24T07:59:04Z">
          <reporter-output>
          </reporter-output>
        </test-method> <!-- f -->
        <test-method status="PASS" signature="afterMethod()[pri:0, instance:com.training.sanity.tests.learningTestNG@42d80b78]" name="afterMethod" is-config="true" duration-ms="0" started-at="2019-04-24T07:59:04Z" finished-at="2019-04-24T07:59:04Z">
          <reporter-output>
          </reporter-output>
        </test-method> <!-- afterMethod -->
        <test-method status="PASS" signature="beforeMethod()[pri:0, instance:com.training.sanity.tests.learningTestNG@42d80b78]" name="beforeMethod" is-config="true" duration-ms="0" started-at="2019-04-24T07:59:04Z" finished-at="2019-04-24T07:59:04Z">
          <reporter-output>
          </reporter-output>
        </test-method> <!-- beforeMethod -->
        <test-method status="PASS" signature="f1()[pri:0, instance:com.training.sanity.tests.learningTestNG@42d80b78]" name="f1" duration-ms="2" started-at="2019-04-24T07:59:04Z" finished-at="2019-04-24T07:59:04Z">
          <reporter-output>
          </reporter-output>
        </test-method> <!-- f1 -->
        <test-method status="PASS" signature="afterMethod()[pri:0, instance:com.training.sanity.tests.learningTestNG@42d80b78]" name="afterMethod" is-config="true" duration-ms="1" started-at="2019-04-24T07:59:04Z" finished-at="2019-04-24T07:59:04Z">
          <reporter-output>
          </reporter-output>
        </test-method> <!-- afterMethod -->
        <test-method status="PASS" signature="afterClass()[pri:0, instance:com.training.sanity.tests.learningTestNG@42d80b78]" name="afterClass" is-config="true" duration-ms="0" started-at="2019-04-24T07:59:04Z" finished-at="2019-04-24T07:59:04Z">
          <reporter-output>
          </reporter-output>
        </test-method> <!-- afterClass -->
        <test-method status="PASS" signature="afterTest()[pri:0, instance:com.training.sanity.tests.learningTestNG@42d80b78]" name="afterTest" is-config="true" duration-ms="0" started-at="2019-04-24T07:59:04Z" finished-at="2019-04-24T07:59:04Z">
          <reporter-output>
          </reporter-output>
        </test-method> <!-- afterTest -->
        <test-method status="PASS" signature="afterSuite()[pri:0, instance:com.training.sanity.tests.learningTestNG@42d80b78]" name="afterSuite" is-config="true" duration-ms="1" started-at="2019-04-24T07:59:04Z" finished-at="2019-04-24T07:59:04Z">
          <reporter-output>
          </reporter-output>
        </test-method> <!-- afterSuite -->
      </class> <!-- com.training.sanity.tests.learningTestNG -->
    </test> <!-- Default test -->
  </suite> <!-- Default suite -->
</testng-results>
