<?xml version="1.0" encoding="UTF-8"?>
<testng-results skipped="0" failed="0" ignored="0" total="1" passed="1">
  <reporter-output>
  </reporter-output>
  <suite name="Default suite" duration-ms="81100" started-at="2019-01-16T11:39:55Z" finished-at="2019-01-16T11:41:17Z">
    <groups>
    </groups>
    <test name="Default test" duration-ms="81100" started-at="2019-01-16T11:39:55Z" finished-at="2019-01-16T11:41:17Z">
      <class name="com.training.sanity.tests.AddAUser">
        <test-method status="PASS" signature="setUpBeforeClass()[pri:0, instance:com.training.sanity.tests.AddAUser@47c62251]" name="setUpBeforeClass" is-config="true" duration-ms="22" started-at="2019-01-16T11:39:55Z" finished-at="2019-01-16T11:39:55Z">
          <reporter-output>
          </reporter-output>
        </test-method> <!-- setUpBeforeClass -->
        <test-method status="PASS" signature="setUp()[pri:0, instance:com.training.sanity.tests.AddAUser@47c62251]" name="setUp" is-config="true" duration-ms="13128" started-at="2019-01-16T11:39:55Z" finished-at="2019-01-16T11:40:09Z">
          <reporter-output>
          </reporter-output>
        </test-method> <!-- setUp -->
        <test-method status="PASS" signature="validViewDetailsofUser()[pri:1, instance:com.training.sanity.tests.AddAUser@47c62251]" name="validViewDetailsofUser" duration-ms="65948" started-at="2019-01-16T11:40:09Z" finished-at="2019-01-16T11:41:15Z">
          <reporter-output>
          </reporter-output>
        </test-method> <!-- validViewDetailsofUser -->
        <test-method status="PASS" signature="tearDown()[pri:0, instance:com.training.sanity.tests.AddAUser@47c62251]" name="tearDown" is-config="true" duration-ms="1975" started-at="2019-01-16T11:41:15Z" finished-at="2019-01-16T11:41:17Z">
          <reporter-output>
          </reporter-output>
        </test-method> <!-- tearDown -->
      </class> <!-- com.training.sanity.tests.AddAUser -->
    </test> <!-- Default test -->
  </suite> <!-- Default suite -->
</testng-results>
